<?xml version="1.0" encoding="UTF-8"?>
<!-- Generated by org.testng.reporters.JUnitReportReporter -->
<testsuite hostname="oodle00330" failures="0" tests="1" name="RestAssuredAPITesting.RestAssuredAPITesting.PostRequest001" time="3.591" errors="0" timestamp="2020-12-03T17:16:00 GMT" skipped="0">
  <testcase classname="RestAssuredAPITesting.RestAssuredAPITesting.PostRequest001" name="getTokenAgain" time="3.591"/>
  <system-out/>
</testsuite> <!-- RestAssuredAPITesting.RestAssuredAPITesting.PostRequest001 -->
