<?xml version="1.0" encoding="UTF-8"?>
<!-- Generated by org.testng.reporters.JUnitReportReporter -->
<testsuite hostname="oodle00330" failures="0" tests="1" name="RestAssuredAPITesting.RestAssuredAPITesting.GetWeatherDetails" time="2.779" errors="0" timestamp="2020-12-02T12:10:58 GMT" skipped="0">
  <testcase classname="RestAssuredAPITesting.RestAssuredAPITesting.GetWeatherDetails" name="getWeatherDetailsForCity" time="2.779"/>
  <system-out/>
</testsuite> <!-- RestAssuredAPITesting.RestAssuredAPITesting.GetWeatherDetails -->
