<?xml version="1.0" encoding="UTF-8"?>
<!-- Generated by org.testng.reporters.JUnitReportReporter -->
<testsuite hostname="oodle00330" failures="0" tests="2" name="RestAssuredAPITesting.RestAssuredAPITesting.DataProviderTest" time="0.013" errors="0" timestamp="2020-12-03T12:29:35 GMT" skipped="0">
  <testcase classname="RestAssuredAPITesting.RestAssuredAPITesting.DataProviderTest" name="printData" time="0.001"/>
  <system-out/>
  <testcase classname="RestAssuredAPITesting.RestAssuredAPITesting.DataProviderTest" name="printData" time="0.012"/>
  <system-out/>
</testsuite> <!-- RestAssuredAPITesting.RestAssuredAPITesting.DataProviderTest -->
