<?xml version="1.0" encoding="UTF-8"?>
<!-- Generated by org.testng.reporters.JUnitReportReporter -->
<testsuite hostname="oodle00330" failures="0" tests="1" name="RestAssuredAPITesting.RestAssuredAPITesting.GetRequest" time="3.972" errors="0" timestamp="2020-12-03T11:17:07 GMT" skipped="0">
  <testcase classname="RestAssuredAPITesting.RestAssuredAPITesting.GetRequest" name="getListOfUsers" time="3.972"/>
  <system-out/>
</testsuite> <!-- RestAssuredAPITesting.RestAssuredAPITesting.GetRequest -->
