<?xml version="1.0" encoding="UTF-8"?>
<!-- Generated by org.testng.reporters.JUnitReportReporter -->
<testsuite hostname="oodle00330" failures="0" tests="3" name="RestAssuredAPITesting.RestAssuredAPITesting.AllGetRequests" time="2.538" errors="0" timestamp="2020-12-03T17:33:30 GMT" skipped="0">
  <testcase classname="RestAssuredAPITesting.RestAssuredAPITesting.AllGetRequests" name="getAllUsersList" time="2.326"/>
  <system-out/>
  <testcase classname="RestAssuredAPITesting.RestAssuredAPITesting.AllGetRequests" name="getSingleUser" time="0.116"/>
  <system-out/>
  <testcase classname="RestAssuredAPITesting.RestAssuredAPITesting.AllGetRequests" name="singleUserNotFound" time="0.096"/>
  <system-out/>
</testsuite> <!-- RestAssuredAPITesting.RestAssuredAPITesting.AllGetRequests -->
